sirrah% script -c "python Main2.py" /dev/null | tee out2.out
Script started, file is /dev/null
                                 Using TensorFlow backend.
(50000, 3072)
(10000, 3072)
(5000, 3072)
9
0
10
Start converting data!
(3750, 32, 32, 3)
(1250, 32, 32, 3)
(3750, 10)
(1250, 10)
10
(50000, 32, 32, 3)
Converting data done!
10
Training network on:
kernel size: (3, 3)
lrate:       0.0001
dropout:     0.2
dense size:  1024
Running Fold 1 / 3
Train on 33330 samples, validate on 16670 samples
Epoch 1/75
2017-06-18 01:21:36.877025: W tensorflow/core/platform/cpu_feature_guard.cc:45] The TensorFlow library wasn't compiled to use SSE4.1 instructions, but these are available on your machine and could speed up CPU computations.
2017-06-18 01:21:36.877044: W tensorflow/core/platform/cpu_feature_guard.cc:45] The TensorFlow library wasn't compiled to use SSE4.2 instructions, but these are available on your machine and could speed up CPU computations.
2017-06-18 01:21:36.877059: W tensorflow/core/platform/cpu_feature_guard.cc:45] The TensorFlow library wasn't compiled to use AVX instructions, but these are available on your machine and could speed up CPU computations.
2017-06-18 01:21:36.877065: W tensorflow/core/platform/cpu_feature_guard.cc:45] The TensorFlow library wasn't compiled to use AVX2 instructions, but these are available on your machine and could speed up CPU computations.
2017-06-18 01:21:36.877070: W tensorflow/core/platform/cpu_feature_guard.cc:45] The TensorFlow library wasn't compiled to use FMA instructions, but these are available on your machine and could speed up CPU computations.
2017-06-18 01:21:36.983521: I tensorflow/stream_executor/cuda/cuda_gpu_executor.cc:893] successful NUMA node read from SysFS had negative value (-1), but there must be at least one NUMA node, so returning NUMA node zero
2017-06-18 01:21:36.983900: I tensorflow/core/common_runtime/gpu/gpu_device.cc:940] Found device 0 with properties:
name: GeForce GTX 750 Ti
major: 5 minor: 0 memoryClockRate (GHz) 1.202
pciBusID 0000:01:00.0
Total memory: 3.95GiB
Free memory: 3.71GiB
2017-06-18 01:21:36.983914: I tensorflow/core/common_runtime/gpu/gpu_device.cc:961] DMA: 0
2017-06-18 01:21:36.983918: I tensorflow/core/common_runtime/gpu/gpu_device.cc:971] 0:   Y
2017-06-18 01:21:36.983937: I tensorflow/core/common_runtime/gpu/gpu_device.cc:1030] Creating TensorFlow device (/gpu:0) -> (device: 0, name: GeForce GTX 750 Ti, pci bus id: 0000:01:00.0)
24s - loss: 2.2196 - acc: 0.1826 - val_loss: 2.1286 - val_acc: 0.2572
Epoch 2/75
23s - loss: 2.0275 - acc: 0.2755 - val_loss: 1.9729 - val_acc: 0.3110
Epoch 3/75
23s - loss: 1.9225 - acc: 0.3183 - val_loss: 1.9015 - val_acc: 0.3348
Epoch 4/75
23s - loss: 1.8648 - acc: 0.3412 - val_loss: 1.8528 - val_acc: 0.3543
Epoch 5/75
23s - loss: 1.8151 - acc: 0.3608 - val_loss: 1.8125 - val_acc: 0.3650
Epoch 6/75
23s - loss: 1.7743 - acc: 0.3756 - val_loss: 1.7652 - val_acc: 0.3836
Epoch 7/75
23s - loss: 1.7365 - acc: 0.3905 - val_loss: 1.7416 - val_acc: 0.3951
Epoch 8/75
23s - loss: 1.7021 - acc: 0.4009 - val_loss: 1.6976 - val_acc: 0.4109
Epoch 9/75
23s - loss: 1.6688 - acc: 0.4148 - val_loss: 1.6664 - val_acc: 0.4199
Epoch 10/75
23s - loss: 1.6401 - acc: 0.4231 - val_loss: 1.6482 - val_acc: 0.4239
Epoch 11/75
23s - loss: 1.6127 - acc: 0.4347 - val_loss: 1.6219 - val_acc: 0.4356
Epoch 12/75
23s - loss: 1.5892 - acc: 0.4421 - val_loss: 1.6016 - val_acc: 0.4428
Epoch 13/75
23s - loss: 1.5692 - acc: 0.4473 - val_loss: 1.5797 - val_acc: 0.4522
Epoch 14/75
23s - loss: 1.5517 - acc: 0.4547 - val_loss: 1.5708 - val_acc: 0.4540
Epoch 15/75
23s - loss: 1.5314 - acc: 0.4600 - val_loss: 1.5494 - val_acc: 0.4584
Epoch 16/75
23s - loss: 1.5156 - acc: 0.4652 - val_loss: 1.5386 - val_acc: 0.4622
Epoch 17/75
23s - loss: 1.4996 - acc: 0.4735 - val_loss: 1.5293 - val_acc: 0.4614
Epoch 18/75
23s - loss: 1.4887 - acc: 0.4778 - val_loss: 1.5108 - val_acc: 0.4706
Epoch 19/75
23s - loss: 1.4717 - acc: 0.4823 - val_loss: 1.5017 - val_acc: 0.4761
Epoch 20/75
23s - loss: 1.4612 - acc: 0.4854 - val_loss: 1.4923 - val_acc: 0.4780
Epoch 21/75
23s - loss: 1.4479 - acc: 0.4915 - val_loss: 1.4796 - val_acc: 0.4859
Epoch 22/75
23s - loss: 1.4357 - acc: 0.4962 - val_loss: 1.4749 - val_acc: 0.4798
Epoch 23/75
23s - loss: 1.4238 - acc: 0.5005 - val_loss: 1.4599 - val_acc: 0.4918
Epoch 24/75
23s - loss: 1.4118 - acc: 0.5018 - val_loss: 1.4568 - val_acc: 0.4872
Epoch 25/75
23s - loss: 1.4040 - acc: 0.5052 - val_loss: 1.4472 - val_acc: 0.4934
Epoch 26/75
23s - loss: 1.3898 - acc: 0.5103 - val_loss: 1.4411 - val_acc: 0.4909
Epoch 27/75
23s - loss: 1.3778 - acc: 0.5137 - val_loss: 1.4356 - val_acc: 0.4950
Epoch 28/75
23s - loss: 1.3709 - acc: 0.5192 - val_loss: 1.4210 - val_acc: 0.5007
Epoch 29/75
23s - loss: 1.3600 - acc: 0.5244 - val_loss: 1.4202 - val_acc: 0.5001
Epoch 30/75
23s - loss: 1.3482 - acc: 0.5258 - val_loss: 1.4099 - val_acc: 0.5083
Epoch 31/75
23s - loss: 1.3364 - acc: 0.5329 - val_loss: 1.3980 - val_acc: 0.5091
Epoch 32/75
23s - loss: 1.3273 - acc: 0.5335 - val_loss: 1.3975 - val_acc: 0.5118
Epoch 33/75
23s - loss: 1.3221 - acc: 0.5346 - val_loss: 1.3973 - val_acc: 0.5101
Epoch 34/75
23s - loss: 1.3122 - acc: 0.5399 - val_loss: 1.3900 - val_acc: 0.5108
Epoch 35/75
23s - loss: 1.3025 - acc: 0.5423 - val_loss: 1.3884 - val_acc: 0.5113
Epoch 36/75
23s - loss: 1.2944 - acc: 0.5470 - val_loss: 1.3736 - val_acc: 0.5151
Epoch 37/75
23s - loss: 1.2830 - acc: 0.5505 - val_loss: 1.3601 - val_acc: 0.5223
Epoch 38/75
23s - loss: 1.2740 - acc: 0.5529 - val_loss: 1.3636 - val_acc: 0.5228
Epoch 39/75
23s - loss: 1.2615 - acc: 0.5578 - val_loss: 1.3687 - val_acc: 0.5199
Epoch 40/75
23s - loss: 1.2569 - acc: 0.5604 - val_loss: 1.3482 - val_acc: 0.5264
Epoch 41/75
23s - loss: 1.2458 - acc: 0.5664 - val_loss: 1.3491 - val_acc: 0.5277
Epoch 42/75
23s - loss: 1.2424 - acc: 0.5651 - val_loss: 1.3401 - val_acc: 0.5312
Epoch 43/75
23s - loss: 1.2296 - acc: 0.5708 - val_loss: 1.3351 - val_acc: 0.5307
Epoch 44/75
23s - loss: 1.2227 - acc: 0.5739 - val_loss: 1.3251 - val_acc: 0.5379
Epoch 45/75
23s - loss: 1.2151 - acc: 0.5738 - val_loss: 1.3308 - val_acc: 0.5308
Epoch 46/75
23s - loss: 1.2060 - acc: 0.5763 - val_loss: 1.3220 - val_acc: 0.5362
Epoch 47/75
23s - loss: 1.1984 - acc: 0.5833 - val_loss: 1.3136 - val_acc: 0.5364
Epoch 48/75
23s - loss: 1.1865 - acc: 0.5844 - val_loss: 1.3073 - val_acc: 0.5410
Epoch 49/75
23s - loss: 1.1753 - acc: 0.5875 - val_loss: 1.3102 - val_acc: 0.5401
Epoch 50/75
23s - loss: 1.1694 - acc: 0.5921 - val_loss: 1.2976 - val_acc: 0.5455
Epoch 51/75
23s - loss: 1.1616 - acc: 0.5927 - val_loss: 1.3001 - val_acc: 0.5438
Epoch 52/75
23s - loss: 1.1532 - acc: 0.5959 - val_loss: 1.3040 - val_acc: 0.5427
Epoch 53/75
23s - loss: 1.1443 - acc: 0.5995 - val_loss: 1.2865 - val_acc: 0.5479
Epoch 54/75
23s - loss: 1.1394 - acc: 0.6031 - val_loss: 1.2873 - val_acc: 0.5502
Epoch 55/75
23s - loss: 1.1311 - acc: 0.6049 - val_loss: 1.2837 - val_acc: 0.5527
Epoch 56/75
23s - loss: 1.1224 - acc: 0.6077 - val_loss: 1.2867 - val_acc: 0.5499
Epoch 57/75
23s - loss: 1.1100 - acc: 0.6111 - val_loss: 1.2790 - val_acc: 0.5516
Epoch 58/75
23s - loss: 1.1035 - acc: 0.6158 - val_loss: 1.2786 - val_acc: 0.5584
Epoch 59/75
23s - loss: 1.0951 - acc: 0.6177 - val_loss: 1.2725 - val_acc: 0.5590
Epoch 60/75
23s - loss: 1.0875 - acc: 0.6199 - val_loss: 1.2696 - val_acc: 0.5568
Epoch 61/75
23s - loss: 1.0784 - acc: 0.6244 - val_loss: 1.2636 - val_acc: 0.5604
Epoch 62/75
23s - loss: 1.0702 - acc: 0.6252 - val_loss: 1.2605 - val_acc: 0.5582
Epoch 63/75
23s - loss: 1.0627 - acc: 0.6277 - val_loss: 1.2725 - val_acc: 0.5582
Epoch 64/75
23s - loss: 1.0540 - acc: 0.6322 - val_loss: 1.2495 - val_acc: 0.5655
Epoch 65/75
23s - loss: 1.0433 - acc: 0.6360 - val_loss: 1.2646 - val_acc: 0.5597
Epoch 66/75
23s - loss: 1.0359 - acc: 0.6398 - val_loss: 1.2530 - val_acc: 0.5626
Epoch 67/75
23s - loss: 1.0324 - acc: 0.6384 - val_loss: 1.2438 - val_acc: 0.5701
Epoch 68/75
23s - loss: 1.0212 - acc: 0.6468 - val_loss: 1.2508 - val_acc: 0.5684
Epoch 69/75
23s - loss: 1.0132 - acc: 0.6462 - val_loss: 1.2450 - val_acc: 0.5703
Epoch 70/75
23s - loss: 1.0032 - acc: 0.6513 - val_loss: 1.2425 - val_acc: 0.5714
Epoch 71/75
23s - loss: 0.9971 - acc: 0.6535 - val_loss: 1.2406 - val_acc: 0.5735
Epoch 72/75
23s - loss: 0.9857 - acc: 0.6557 - val_loss: 1.2359 - val_acc: 0.5734
Epoch 73/75
23s - loss: 0.9774 - acc: 0.6619 - val_loss: 1.2490 - val_acc: 0.5673
Epoch 74/75
23s - loss: 0.9752 - acc: 0.6646 - val_loss: 1.2418 - val_acc: 0.5686
Epoch 75/75
23s - loss: 0.9652 - acc: 0.6650 - val_loss: 1.2340 - val_acc: 0.5778
Score:  0.5778234456

Error aplikacji, nie liczone dla pozostalych foldow.

